<?xml version="1.0" encoding="UTF-8"?>
<testsuite xmlns:xsi="http://www.w3.org/2001/XMLSchema-instance" xsi:noNamespaceSchemaLocation="https://maven.apache.org/surefire/maven-surefire-plugin/xsd/surefire-test-report.xsd" version="3.0.2" name="br.com.springkafka.SpringkafkaApplicationTests" time="4.914" tests="1" errors="0" skipped="0" failures="0">
  <properties>
[...]
</properties>
  <testcase name="contextLoads" classname="br.com.springkafka.SpringkafkaApplicationTests" time="0.831">
    <system-out><![CDATA[17:24:47.787 [main] INFO org.springframework.test.context.support.AnnotationConfigContextLoaderUtils -- Could not detect default configuration classes for test class [br.com.springkafka.SpringkafkaApplicationTests]: SpringkafkaApplicationTests does not declare any static, non-private, non-final, nested classes annotated with @Configuration.
17:24:47.910 [main] INFO org.springframework.boot.test.context.SpringBootTestContextBootstrapper -- Found @SpringBootConfiguration br.com.springkafka.SpringkafkaApplication for test class br.com.springkafka.SpringkafkaApplicationTests

  .   ____          _            __ _ _
 /\\ / ___'_ __ _ _(_)_ __  __ _ \ \ \ \
( ( )\___ | '_ | '_| | '_ \/ _` | \ \ \ \
 \\/  ___)| |_)| | | | | || (_| |  ) ) ) )
  '  |____| .__|_| |_|_| |_\__, | / / / /
 =========|_|==============|___/=/_/_/_/

 :: Spring Boot ::                (v3.5.3)

2025-07-19T17:24:48.357-03:00  INFO 7748 --- [springkafka] [           main] b.c.s.SpringkafkaApplicationTests        : Starting SpringkafkaApplicationTests using Java 21.0.7 with PID 7748 (started by walace in C:\Users\walace\Documents\Cursos\springkafka)
2025-07-19T17:24:48.359-03:00  INFO 7748 --- [springkafka] [           main] b.c.s.SpringkafkaApplicationTests        : No active profile set, falling back to 1 default profile: "default"
2025-07-19T17:24:49.044-03:00  INFO 7748 --- [springkafka] [           main] .s.d.r.c.RepositoryConfigurationDelegate : Bootstrapping Spring Data JPA repositories in DEFAULT mode.
2025-07-19T17:24:49.069-03:00  INFO 7748 --- [springkafka] [           main] .s.d.r.c.RepositoryConfigurationDelegate : Finished Spring Data repository scanning in 14 ms. Found 0 JPA repository interfaces.
2025-07-19T17:24:49.520-03:00  INFO 7748 --- [springkafka] [           main] com.zaxxer.hikari.HikariDataSource       : HikariPool-1 - Starting...
2025-07-19T17:24:49.696-03:00  INFO 7748 --- [springkafka] [           main] com.zaxxer.hikari.pool.HikariPool        : HikariPool-1 - Added connection conn0: url=jdbc:h2:mem:67caa15b-e854-4b5e-bf83-b6952041ed96 user=SA
2025-07-19T17:24:49.698-03:00  INFO 7748 --- [springkafka] [           main] com.zaxxer.hikari.HikariDataSource       : HikariPool-1 - Start completed.
2025-07-19T17:24:49.754-03:00  INFO 7748 --- [springkafka] [           main] o.hibernate.jpa.internal.util.LogHelper  : HHH000204: Processing PersistenceUnitInfo [name: default]
2025-07-19T17:24:49.855-03:00  INFO 7748 --- [springkafka] [           main] org.hibernate.Version                    : HHH000412: Hibernate ORM core version 6.6.18.Final
2025-07-19T17:24:49.896-03:00  INFO 7748 --- [springkafka] [           main] o.h.c.internal.RegionFactoryInitiator    : HHH000026: Second-level cache disabled
2025-07-19T17:24:50.281-03:00  INFO 7748 --- [springkafka] [           main] o.s.o.j.p.SpringPersistenceUnitInfo      : No LoadTimeWeaver setup: ignoring JPA class transformer
2025-07-19T17:24:50.368-03:00  INFO 7748 --- [springkafka] [           main] org.hibernate.orm.connections.pooling    : HHH10001005: Database info:
	Database JDBC URL [Connecting through datasource 'HikariDataSource (HikariPool-1)']
	Database driver: undefined/unknown
	Database version: 2.3.232
	Autocommit mode: undefined/unknown
	Isolation level: undefined/unknown
	Minimum pool size: undefined/unknown
	Maximum pool size: undefined/unknown
2025-07-19T17:24:50.918-03:00  INFO 7748 --- [springkafka] [           main] o.h.e.t.j.p.i.JtaPlatformInitiator       : HHH000489: No JTA platform available (set 'hibernate.transaction.jta.platform' to enable JTA platform integration)
2025-07-19T17:24:50.922-03:00  INFO 7748 --- [springkafka] [           main] j.LocalContainerEntityManagerFactoryBean : Initialized JPA EntityManagerFactory for persistence unit 'default'
2025-07-19T17:24:51.055-03:00  WARN 7748 --- [springkafka] [           main] JpaBaseConfiguration$JpaWebConfiguration : spring.jpa.open-in-view is enabled by default. Therefore, database queries may be performed during view rendering. Explicitly configure spring.jpa.open-in-view to disable this warning
2025-07-19T17:24:51.755-03:00  INFO 7748 --- [springkafka] [           main] b.c.s.SpringkafkaApplicationTests        : Started SpringkafkaApplicationTests in 3.678 seconds (process running for 4.597)
]]></system-out>
    <system-err><![CDATA[Mockito is currently self-attaching to enable the inline-mock-maker. This will no longer work in future releases of the JDK. Please add Mockito as an agent to your build as described in Mockito's documentation: https://javadoc.io/doc/org.mockito/mockito-core/latest/org.mockito/org/mockito/Mockito.html#0.3
WARNING: A Java agent has been loaded dynamically (C:\Users\walace\.m2\repository\net\bytebuddy\byte-buddy-agent\1.17.6\byte-buddy-agent-1.17.6.jar)
WARNING: If a serviceability tool is in use, please run with -XX:+EnableDynamicAgentLoading to hide this warning
WARNING: If a serviceability tool is not in use, please run with -Djdk.instrument.traceUsage for more information
WARNING: Dynamic loading of agents will be disallowed by default in a future release
]]></system-err>
  </testcase>
</testsuite>